<?xml version="1.0" encoding="UTF-8"?>
<!-- Generated by org.testng.reporters.JUnitXMLReporter -->
<testsuite hostname="DESKTOP-BVVQG2P" failures="0" tests="8" name="Test" time="0.039" errors="0" timestamp="13 Mar 2021 18:26:41 GMT">
  <testcase classname="TestNg.Framework.basicLogin" name="SuperLoginTest" time="0.004"/>
  <testcase classname="TestNg.Framework.basicLogin" name="negativeTest" time="0.001"/>
  <testcase classname="TestNg.Framework.Registration" name="Corporationregistratiobn" time="0.002"/>
  <testcase classname="TestNg.Framework.Registration" name="studentregistratiobn" time="0.001"/>
  <testcase classname="TestNg.Framework.payment" name="clientpayment" time="0.001"/>
  <testcase classname="TestNg.Framework.payment" name="studentpayment" time="0.001"/>
  <testcase classname="TestNg.Framework.scheduals" name="TeacherSchedual" time="0.001"/>
  <testcase classname="TestNg.Framework.scheduals" name="clientSchedual" time="0.001"/>
</testsuite> <!-- Test -->
